<?xml version="1.0" encoding="UTF-8"?>
<testng-results skipped="0" failed="0" ignored="0" total="2" passed="2">
  <reporter-output>
  </reporter-output>
  <suite name="Suite" duration-ms="55635" started-at="2020-04-22T21:08:31 IST" finished-at="2020-04-22T21:09:27 IST">
    <groups>
    </groups>
    <test name="Test1" duration-ms="55635" started-at="2020-04-22T21:08:31 IST" finished-at="2020-04-22T21:09:27 IST">
      <class name="com.inetBanking.testCases.TC_AddCustomerTest_003">
        <test-method status="PASS" signature="setup(java.lang.String)[pri:0, instance:com.inetBanking.testCases.TC_AddCustomerTest_003@31610302]" name="setup" is-config="true" duration-ms="17034" started-at="2020-04-22T21:08:53 IST" finished-at="2020-04-22T21:09:10 IST">
          <params>
            <param index="0">
              <value>
                <![CDATA[chrome]]>
              </value>
            </param>
          </params>
          <reporter-output>
          </reporter-output>
        </test-method> <!-- setup -->
        <test-method status="PASS" signature="addNewCustomer()[pri:0, instance:com.inetBanking.testCases.TC_AddCustomerTest_003@31610302]" name="addNewCustomer" duration-ms="16186" started-at="2020-04-22T21:09:10 IST" finished-at="2020-04-22T21:09:26 IST">
          <reporter-output>
          </reporter-output>
        </test-method> <!-- addNewCustomer -->
        <test-method status="PASS" signature="tearDown()[pri:0, instance:com.inetBanking.testCases.TC_AddCustomerTest_003@31610302]" name="tearDown" is-config="true" duration-ms="585" started-at="2020-04-22T21:09:26 IST" finished-at="2020-04-22T21:09:27 IST">
          <reporter-output>
          </reporter-output>
        </test-method> <!-- tearDown -->
      </class> <!-- com.inetBanking.testCases.TC_AddCustomerTest_003 -->
      <class name="com.inetBanking.testCases.Tc_LoginTest_001">
        <test-method status="PASS" signature="setup(java.lang.String)[pri:0, instance:com.inetBanking.testCases.Tc_LoginTest_001@544fe44c]" name="setup" is-config="true" duration-ms="18912" started-at="2020-04-22T21:08:32 IST" finished-at="2020-04-22T21:08:51 IST">
          <params>
            <param index="0">
              <value>
                <![CDATA[chrome]]>
              </value>
            </param>
          </params>
          <reporter-output>
          </reporter-output>
        </test-method> <!-- setup -->
        <test-method status="PASS" signature="loginTest()[pri:0, instance:com.inetBanking.testCases.Tc_LoginTest_001@544fe44c]" name="loginTest" duration-ms="2122" started-at="2020-04-22T21:08:51 IST" finished-at="2020-04-22T21:08:53 IST">
          <reporter-output>
          </reporter-output>
        </test-method> <!-- loginTest -->
        <test-method status="PASS" signature="tearDown()[pri:0, instance:com.inetBanking.testCases.Tc_LoginTest_001@544fe44c]" name="tearDown" is-config="true" duration-ms="599" started-at="2020-04-22T21:08:53 IST" finished-at="2020-04-22T21:08:53 IST">
          <reporter-output>
          </reporter-output>
        </test-method> <!-- tearDown -->
      </class> <!-- com.inetBanking.testCases.Tc_LoginTest_001 -->
    </test> <!-- Test1 -->
  </suite> <!-- Suite -->
</testng-results>
